c:\users\ferna\source\repos\quark library\quark quotes\x64\debug\vc143.pdb
c:\users\ferna\source\repos\quark library\quark quotes\x64\debug\vc143.idb
c:\users\ferna\source\repos\quark library\quark quotes\x64\debug\view.obj
c:\users\ferna\source\repos\quark library\quark quotes\x64\debug\presenter.obj
c:\users\ferna\source\repos\quark library\quark quotes\x64\debug\membervip.obj
c:\users\ferna\source\repos\quark library\quark quotes\x64\debug\member.obj
c:\users\ferna\source\repos\quark library\quark quotes\x64\debug\main.obj
c:\users\ferna\source\repos\quark library\quark quotes\x64\debug\library.obj
c:\users\ferna\source\repos\quark library\quark quotes\x64\debug\copy.obj
c:\users\ferna\source\repos\quark library\quark quotes\x64\debug\bookloan.obj
c:\users\ferna\source\repos\quark library\quark quotes\x64\debug\book.obj
c:\users\ferna\source\repos\quark library\x64\debug\quark library.exe
c:\users\ferna\source\repos\quark library\quark quotes\x64\debug\quark library.ilk
c:\users\ferna\source\repos\quark library\x64\debug\quark library.pdb
c:\users\ferna\source\repos\quark library\quark quotes\x64\debug\quark library.tlog\cl.command.1.tlog
c:\users\ferna\source\repos\quark library\quark quotes\x64\debug\quark library.tlog\cl.read.1.tlog
c:\users\ferna\source\repos\quark library\quark quotes\x64\debug\quark library.tlog\cl.write.1.tlog
c:\users\ferna\source\repos\quark library\quark quotes\x64\debug\quark library.tlog\link.command.1.tlog
c:\users\ferna\source\repos\quark library\quark quotes\x64\debug\quark library.tlog\link.read.1.tlog
c:\users\ferna\source\repos\quark library\quark quotes\x64\debug\quark library.tlog\link.write.1.tlog
